<?xml version="1.0" encoding="UTF-8"?>
<!-- Generated by org.testng.reporters.JUnitReportReporter -->
<testsuite hostname="TNPCW-PF27WEAQ" failures="0" tests="1" name="com.todos.tests.AddTodoTest" time="27.902" errors="0" timestamp="25 Oct 2020 12:55:13 GMT">
  <testcase classname="com.todos.tests.AddTodoTest" name="iCanAddTodo" time="27.902"/>
</testsuite> <!-- com.todos.tests.AddTodoTest -->
